Arguments: 
  /usr/local/Cellar/node/12.4.0/bin/node /usr/local/Cellar/yarn/1.17.0/libexec/bin/yarn.js add react react-dom abel-loader @babel/core

PATH: 
  ./bin:/Users/gui/.rbenv/shims:/usr/local/opt/rbenv/bin:/usr/local/bin:/usr/bin:/bin:/usr/sbin:/sbin:/usr/local/sbin

Yarn version: 
  1.17.0

Node version: 
  12.4.0

Platform: 
  darwin x64

Trace: 
  Error: https://registry.yarnpkg.com/abel-loader: Not found
      at Request.params.callback [as _callback] (/usr/local/Cellar/yarn/1.17.0/libexec/lib/cli.js:66823:18)
      at Request.self.callback (/usr/local/Cellar/yarn/1.17.0/libexec/lib/cli.js:140439:22)
      at Request.emit (events.js:200:13)
      at Request.<anonymous> (/usr/local/Cellar/yarn/1.17.0/libexec/lib/cli.js:141411:10)
      at Request.emit (events.js:200:13)
      at IncomingMessage.<anonymous> (/usr/local/Cellar/yarn/1.17.0/libexec/lib/cli.js:141333:12)
      at Object.onceWrapper (events.js:288:20)
      at IncomingMessage.emit (events.js:205:15)
      at endReadableNT (_stream_readable.js:1154:12)
      at processTicksAndRejections (internal/process/task_queues.js:84:9)

npm manifest: 
  {
    "name": "hubspot-code-exercise",
    "version": "1.1.0",
    "description": "HubSpot Code Exercise",
    "main": "./build/index.js",
    "scripts": {
      "start": "gulp"
    },
    "author": "HubSpot Applicant",
    "license": "ISC",
    "private": true,
    "devDependencies": {
      "babel": "^6.5.2",
      "babel-cli": "^6.6.5",
      "babel-preset-es2015": "^6.6.0",
      "babelify": "^7.2.0",
      "browser-sync": "^2.11.1",
      "browserify": "^13.0.0",
      "del": "^2.2.0",
      "ejs": "^2.4.1",
      "gulp": "^3.9.1",
      "gulp-concat": "^2.6.0",
      "gulp-cssnano": "^2.1.1",
      "gulp-ejs": "^2.1.1",
      "gulp-sass": "^2.2.0",
      "gulp-uglify": "^1.5.3",
      "vinyl-source-stream": "^1.1.0"
    }
  }

yarn manifest: 
  No manifest

Lockfile: 
  No lockfile
